  [1m[35m (105.1ms)[0m  [1m[35mCREATE TABLE "schema_migrations" ("version" varchar NOT NULL PRIMARY KEY)[0m
  [1m[35m (34.3ms)[0m  [1m[35mCREATE TABLE "ar_internal_metadata" ("key" varchar NOT NULL PRIMARY KEY, "value" varchar, "created_at" datetime NOT NULL, "updated_at" datetime NOT NULL)[0m
  [1m[36mActiveRecord::SchemaMigration Load (0.6ms)[0m  [1m[34mSELECT "schema_migrations".* FROM "schema_migrations"[0m
Migrating to DeviseCreateUsers (20161106190614)
  [1m[35m (0.1ms)[0m  [1m[36mbegin transaction[0m
  [1m[35m (2.1ms)[0m  [1m[35mCREATE TABLE "users" ("id" INTEGER PRIMARY KEY AUTOINCREMENT NOT NULL, "email" varchar DEFAULT '' NOT NULL, "encrypted_password" varchar DEFAULT '' NOT NULL, "reset_password_token" varchar, "reset_password_sent_at" datetime, "remember_created_at" datetime, "sign_in_count" integer DEFAULT 0 NOT NULL, "current_sign_in_at" datetime, "last_sign_in_at" datetime, "current_sign_in_ip" varchar, "last_sign_in_ip" varchar, "created_at" datetime NOT NULL, "updated_at" datetime NOT NULL)[0m
  [1m[35m (0.1ms)[0m  [1m[34mselect sqlite_version(*)[0m
  [1m[35m (37.9ms)[0m  [1m[35mCREATE UNIQUE INDEX "index_users_on_email" ON "users" ("email")[0m
  [1m[35m (1.4ms)[0m  [1m[34m            SELECT sql
            FROM sqlite_master
            WHERE name='index_users_on_email' AND type='index'
            UNION ALL
            SELECT sql
            FROM sqlite_temp_master
            WHERE name='index_users_on_email' AND type='index'
[0m
  [1m[35m (0.3ms)[0m  [1m[35mCREATE UNIQUE INDEX "index_users_on_reset_password_token" ON "users" ("reset_password_token")[0m
  [1m[35mSQL (0.5ms)[0m  [1m[32mINSERT INTO "schema_migrations" ("version") VALUES (?)[0m  [["version", "20161106190614"]]
  [1m[35m (23.9ms)[0m  [1m[36mcommit transaction[0m
  [1m[36mActiveRecord::InternalMetadata Load (0.2ms)[0m  [1m[34mSELECT  "ar_internal_metadata".* FROM "ar_internal_metadata" WHERE "ar_internal_metadata"."key" = ? LIMIT ?[0m  [["key", :environment], ["LIMIT", 1]]
  [1m[35m (0.1ms)[0m  [1m[36mbegin transaction[0m
  [1m[35mSQL (1.5ms)[0m  [1m[32mINSERT INTO "ar_internal_metadata" ("key", "value", "created_at", "updated_at") VALUES (?, ?, ?, ?)[0m  [["key", "environment"], ["value", "development"], ["created_at", 2016-11-06 19:06:36 UTC], ["updated_at", 2016-11-06 19:06:36 UTC]]
  [1m[35m (9.0ms)[0m  [1m[36mcommit transaction[0m
  [1m[36mActiveRecord::SchemaMigration Load (0.1ms)[0m  [1m[34mSELECT "schema_migrations".* FROM "schema_migrations"[0m
  [1m[35m (0.2ms)[0m  [1m[34m            SELECT sql
            FROM sqlite_master
            WHERE name='index_users_on_reset_password_token' AND type='index'
            UNION ALL
            SELECT sql
            FROM sqlite_temp_master
            WHERE name='index_users_on_reset_password_token' AND type='index'
[0m
  [1m[35m (0.2ms)[0m  [1m[34m            SELECT sql
            FROM sqlite_master
            WHERE name='index_users_on_email' AND type='index'
            UNION ALL
            SELECT sql
            FROM sqlite_temp_master
            WHERE name='index_users_on_email' AND type='index'
[0m
Started GET "/" for 127.0.0.1 at 2016-11-06 17:08:32 -0200
  [1m[36mActiveRecord::SchemaMigration Load (0.2ms)[0m  [1m[34mSELECT "schema_migrations".* FROM "schema_migrations"[0m
Processing by WelcomeController#index as HTML
Completed 401 Unauthorized in 113ms (ActiveRecord: 0.0ms)


Started GET "/users/sign_in" for 127.0.0.1 at 2016-11-06 17:08:32 -0200
Processing by Devise::SessionsController#new as HTML
  Rendering /home/obedio/.rvm/gems/ruby-2.3.1/gems/devise-4.2.0/app/views/devise/sessions/new.html.erb within layouts/application
  Rendered /home/obedio/.rvm/gems/ruby-2.3.1/gems/devise-4.2.0/app/views/devise/shared/_links.html.erb (2.2ms)
  Rendered /home/obedio/.rvm/gems/ruby-2.3.1/gems/devise-4.2.0/app/views/devise/sessions/new.html.erb within layouts/application (112.7ms)
Completed 200 OK in 3307ms (Views: 3218.3ms | ActiveRecord: 1.2ms)


Started POST "/users/sign_in" for 127.0.0.1 at 2016-11-06 17:08:43 -0200
Processing by Devise::SessionsController#create as HTML
  Parameters: {"utf8"=>"✓", "authenticity_token"=>"7aOB5pbef98OcOvQiZUUaG9W3mB2zfkY8nobfJ0rqqXXjQrdDdKvdjOEOlBTMdD4tAlV1FSffcCPPDaTfDusxg==", "user"=>{"email"=>"orbtech@orbtech.com", "password"=>"[FILTERED]", "remember_me"=>"0"}, "commit"=>"Log in"}
  [1m[36mUser Load (0.3ms)[0m  [1m[34mSELECT  "users".* FROM "users" WHERE "users"."email" = ? ORDER BY "users"."id" ASC LIMIT ?[0m  [["email", "orbtech@orbtech.com"], ["LIMIT", 1]]
Completed 401 Unauthorized in 39ms (ActiveRecord: 0.3ms)


Processing by Devise::SessionsController#new as HTML
  Parameters: {"utf8"=>"✓", "authenticity_token"=>"7aOB5pbef98OcOvQiZUUaG9W3mB2zfkY8nobfJ0rqqXXjQrdDdKvdjOEOlBTMdD4tAlV1FSffcCPPDaTfDusxg==", "user"=>{"email"=>"orbtech@orbtech.com", "password"=>"[FILTERED]", "remember_me"=>"0"}, "commit"=>"Log in"}
  Rendering /home/obedio/.rvm/gems/ruby-2.3.1/gems/devise-4.2.0/app/views/devise/sessions/new.html.erb within layouts/application
  Rendered /home/obedio/.rvm/gems/ruby-2.3.1/gems/devise-4.2.0/app/views/devise/shared/_links.html.erb (1.4ms)
  Rendered /home/obedio/.rvm/gems/ruby-2.3.1/gems/devise-4.2.0/app/views/devise/sessions/new.html.erb within layouts/application (21.8ms)
Completed 200 OK in 749ms (Views: 156.9ms | ActiveRecord: 0.0ms)


Started POST "/users/sign_in" for 127.0.0.1 at 2016-11-06 17:08:47 -0200
Processing by Devise::SessionsController#create as HTML
  Parameters: {"utf8"=>"✓", "authenticity_token"=>"xdi8hcDy41xYPUvrJ2whJbYpYKs171i+J6TleDzYBbT/9je+W/4z9WXJmmv9yOW1bXbrHxe93GZa4siX3cgD1w==", "user"=>{"email"=>"orbtech@orbtech.com", "password"=>"[FILTERED]", "remember_me"=>"0"}, "commit"=>"Log in"}
  [1m[36mUser Load (0.3ms)[0m  [1m[34mSELECT  "users".* FROM "users" WHERE "users"."email" = ? ORDER BY "users"."id" ASC LIMIT ?[0m  [["email", "orbtech@orbtech.com"], ["LIMIT", 1]]
Completed 401 Unauthorized in 11ms (ActiveRecord: 0.3ms)


Processing by Devise::SessionsController#new as HTML
  Parameters: {"utf8"=>"✓", "authenticity_token"=>"xdi8hcDy41xYPUvrJ2whJbYpYKs171i+J6TleDzYBbT/9je+W/4z9WXJmmv9yOW1bXbrHxe93GZa4siX3cgD1w==", "user"=>{"email"=>"orbtech@orbtech.com", "password"=>"[FILTERED]", "remember_me"=>"0"}, "commit"=>"Log in"}
  Rendering /home/obedio/.rvm/gems/ruby-2.3.1/gems/devise-4.2.0/app/views/devise/sessions/new.html.erb within layouts/application
  Rendered /home/obedio/.rvm/gems/ruby-2.3.1/gems/devise-4.2.0/app/views/devise/shared/_links.html.erb (18.1ms)
  Rendered /home/obedio/.rvm/gems/ruby-2.3.1/gems/devise-4.2.0/app/views/devise/sessions/new.html.erb within layouts/application (49.1ms)
Completed 200 OK in 762ms (Views: 274.9ms | ActiveRecord: 0.0ms)


Started GET "/users/sign_up" for 127.0.0.1 at 2016-11-06 17:09:11 -0200
Processing by Devise::RegistrationsController#new as HTML
  Rendering /home/obedio/.rvm/gems/ruby-2.3.1/gems/devise-4.2.0/app/views/devise/registrations/new.html.erb within layouts/application
  Rendered /home/obedio/.rvm/gems/ruby-2.3.1/gems/devise-4.2.0/app/views/devise/shared/_links.html.erb (2.8ms)
  Rendered /home/obedio/.rvm/gems/ruby-2.3.1/gems/devise-4.2.0/app/views/devise/registrations/new.html.erb within layouts/application (38.7ms)
Completed 200 OK in 204ms (Views: 203.0ms | ActiveRecord: 0.0ms)


Started POST "/users" for 127.0.0.1 at 2016-11-06 17:09:25 -0200
Processing by Devise::RegistrationsController#create as HTML
  Parameters: {"utf8"=>"✓", "authenticity_token"=>"4sU6poqZkUR6F3PsVRqGCY+SOeTrRYKrYCx3ixVNMAIpGIYqSBLxZg2wP+D+PAWGWvCzSf8I1F9G+avdIMEEGg==", "user"=>{"email"=>"orbtech@orbtech.com", "password"=>"[FILTERED]", "password_confirmation"=>"[FILTERED]"}, "commit"=>"Sign up"}
  [1m[35m (0.1ms)[0m  [1m[36mbegin transaction[0m
  [1m[36mUser Exists (0.3ms)[0m  [1m[34mSELECT  1 AS one FROM "users" WHERE "users"."email" = ? LIMIT ?[0m  [["email", "orbtech@orbtech.com"], ["LIMIT", 1]]
  [1m[35mSQL (3.9ms)[0m  [1m[32mINSERT INTO "users" ("email", "encrypted_password", "created_at", "updated_at") VALUES (?, ?, ?, ?)[0m  [["email", "orbtech@orbtech.com"], ["encrypted_password", "$2a$11$bHXedk.9eq1flAPO.YJjN.QCSV/APNsYE/tI/Vy/j8WbaS0U6vzru"], ["created_at", 2016-11-06 19:09:26 UTC], ["updated_at", 2016-11-06 19:09:26 UTC]]
  [1m[35m (64.2ms)[0m  [1m[36mcommit transaction[0m
  [1m[35m (0.1ms)[0m  [1m[36mbegin transaction[0m
  [1m[35mSQL (10.8ms)[0m  [1m[33mUPDATE "users" SET "sign_in_count" = ?, "current_sign_in_at" = ?, "last_sign_in_at" = ?, "current_sign_in_ip" = ?, "last_sign_in_ip" = ?, "updated_at" = ? WHERE "users"."id" = ?[0m  [["sign_in_count", 1], ["current_sign_in_at", 2016-11-06 19:09:26 UTC], ["last_sign_in_at", 2016-11-06 19:09:26 UTC], ["current_sign_in_ip", "127.0.0.1"], ["last_sign_in_ip", "127.0.0.1"], ["updated_at", 2016-11-06 19:09:26 UTC], ["id", 1]]
  [1m[35m (13.2ms)[0m  [1m[36mcommit transaction[0m
Redirected to http://localhost:3000/
Completed 302 Found in 822ms (ActiveRecord: 92.6ms)


Started GET "/" for 127.0.0.1 at 2016-11-06 17:09:26 -0200
Processing by WelcomeController#index as HTML
  [1m[36mUser Load (0.9ms)[0m  [1m[34mSELECT  "users".* FROM "users" WHERE "users"."id" = ? ORDER BY "users"."id" ASC LIMIT ?[0m  [["id", 1], ["LIMIT", 1]]
  Rendering welcome/index.html.erb within layouts/application
  Rendered welcome/index.html.erb within layouts/application (5.5ms)
Completed 200 OK in 138ms (Views: 114.9ms | ActiveRecord: 0.9ms)


